<?xml version="1.0" encoding="UTF-8"?>
<!-- Generated by org.testng.reporters.JUnitXMLReporter -->
<testsuite hostname="maapaa" ignored="0" name="Default test" tests="6" failures="1" timestamp="20 Feb 2019 10:40:58 GMT" time="0.333" errors="0">
  <testcase name="@AfterMethod takescreenshot" time="0.0" classname="com.test.VerifyValidUser">
    <failure type="java.lang.NullPointerException">
      <![CDATA[java.lang.NullPointerException
at com.test.VerifyValidUser.takescreenshot(VerifyValidUser.java:152)
at sun.reflect.NativeMethodAccessorImpl.invoke0(Native Method)
at sun.reflect.NativeMethodAccessorImpl.invoke(Unknown Source)
at sun.reflect.DelegatingMethodAccessorImpl.invoke(Unknown Source)
at java.lang.reflect.Method.invoke(Unknown Source)
at org.testng.internal.MethodInvocationHelper.invokeMethod(MethodInvocationHelper.java:124)
at org.testng.internal.MethodInvocationHelper.invokeMethodConsideringTimeout(MethodInvocationHelper.java:59)
at org.testng.internal.Invoker.invokeConfigurationMethod(Invoker.java:455)
at org.testng.internal.Invoker.invokeConfigurations(Invoker.java:222)
at org.testng.internal.Invoker.invokeMethod(Invoker.java:643)
at org.testng.internal.Invoker.invokeTestMethod(Invoker.java:716)
at org.testng.internal.Invoker.invokeTestMethods(Invoker.java:988)
at org.testng.internal.TestMethodWorker.invokeTestMethods(TestMethodWorker.java:125)
at org.testng.internal.TestMethodWorker.run(TestMethodWorker.java:109)
at org.testng.TestRunner.privateRun(TestRunner.java:648)
at org.testng.TestRunner.run(TestRunner.java:505)
at org.testng.SuiteRunner.runTest(SuiteRunner.java:455)
at org.testng.SuiteRunner.runSequentially(SuiteRunner.java:450)
at org.testng.SuiteRunner.privateRun(SuiteRunner.java:415)
at org.testng.SuiteRunner.run(SuiteRunner.java:364)
at org.testng.SuiteRunnerWorker.runSuite(SuiteRunnerWorker.java:52)
at org.testng.SuiteRunnerWorker.run(SuiteRunnerWorker.java:84)
at org.testng.TestNG.runSuitesSequentially(TestNG.java:1208)
at org.testng.TestNG.runSuitesLocally(TestNG.java:1137)
at org.testng.TestNG.runSuites(TestNG.java:1049)
at org.testng.TestNG.run(TestNG.java:1017)
at org.testng.remote.AbstractRemoteTestNG.run(AbstractRemoteTestNG.java:114)
at org.testng.remote.RemoteTestNG.initAndRun(RemoteTestNG.java:251)
at org.testng.remote.RemoteTestNG.main(RemoteTestNG.java:77)
]]>
    </failure>
  </testcase> <!-- @AfterMethod takescreenshot -->
  <testcase name="@BeforeMethod load" time="0.0" classname="com.test.VerifyValidUser">
    <skipped/>
  </testcase> <!-- @BeforeMethod load -->
  <testcase name="@AfterMethod takescreenshot" time="0.0" classname="com.test.VerifyValidUser">
    <skipped/>
  </testcase> <!-- @AfterMethod takescreenshot -->
  <testcase name="@BeforeMethod load" time="0.0" classname="com.test.VerifyValidUser">
    <skipped/>
  </testcase> <!-- @BeforeMethod load -->
  <testcase name="@AfterMethod takescreenshot" time="0.0" classname="com.test.VerifyValidUser">
    <skipped/>
  </testcase> <!-- @AfterMethod takescreenshot -->
  <testcase name="@BeforeMethod load" time="0.0" classname="com.test.VerifyValidUser">
    <skipped/>
  </testcase> <!-- @BeforeMethod load -->
  <testcase name="@AfterMethod takescreenshot" time="0.0" classname="com.test.VerifyValidUser">
    <skipped/>
  </testcase> <!-- @AfterMethod takescreenshot -->
  <testcase name="@BeforeMethod load" time="0.0" classname="com.test.VerifyValidUser">
    <skipped/>
  </testcase> <!-- @BeforeMethod load -->
  <testcase name="@AfterMethod takescreenshot" time="0.0" classname="com.test.VerifyValidUser">
    <skipped/>
  </testcase> <!-- @AfterMethod takescreenshot -->
  <testcase name="@BeforeMethod load" time="0.0" classname="com.test.VerifyValidUser">
    <skipped/>
  </testcase> <!-- @BeforeMethod load -->
  <testcase name="@AfterMethod takescreenshot" time="0.0" classname="com.test.VerifyValidUser">
    <skipped/>
  </testcase> <!-- @AfterMethod takescreenshot -->
  <testcase name="Editcourse" time="0.001" classname="com.test.VerifyValidUser">
    <failure type="java.lang.NullPointerException">
      <![CDATA[java.lang.NullPointerException
at com.test.VerifyValidUser.Editcourse(VerifyValidUser.java:83)
at sun.reflect.NativeMethodAccessorImpl.invoke0(Native Method)
at sun.reflect.NativeMethodAccessorImpl.invoke(Unknown Source)
at sun.reflect.DelegatingMethodAccessorImpl.invoke(Unknown Source)
at java.lang.reflect.Method.invoke(Unknown Source)
at org.testng.internal.MethodInvocationHelper.invokeMethod(MethodInvocationHelper.java:124)
at org.testng.internal.Invoker.invokeMethod(Invoker.java:580)
at org.testng.internal.Invoker.invokeTestMethod(Invoker.java:716)
at org.testng.internal.Invoker.invokeTestMethods(Invoker.java:988)
at org.testng.internal.TestMethodWorker.invokeTestMethods(TestMethodWorker.java:125)
at org.testng.internal.TestMethodWorker.run(TestMethodWorker.java:109)
at org.testng.TestRunner.privateRun(TestRunner.java:648)
at org.testng.TestRunner.run(TestRunner.java:505)
at org.testng.SuiteRunner.runTest(SuiteRunner.java:455)
at org.testng.SuiteRunner.runSequentially(SuiteRunner.java:450)
at org.testng.SuiteRunner.privateRun(SuiteRunner.java:415)
at org.testng.SuiteRunner.run(SuiteRunner.java:364)
at org.testng.SuiteRunnerWorker.runSuite(SuiteRunnerWorker.java:52)
at org.testng.SuiteRunnerWorker.run(SuiteRunnerWorker.java:84)
at org.testng.TestNG.runSuitesSequentially(TestNG.java:1208)
at org.testng.TestNG.runSuitesLocally(TestNG.java:1137)
at org.testng.TestNG.runSuites(TestNG.java:1049)
at org.testng.TestNG.run(TestNG.java:1017)
at org.testng.remote.AbstractRemoteTestNG.run(AbstractRemoteTestNG.java:114)
at org.testng.remote.RemoteTestNG.initAndRun(RemoteTestNG.java:251)
at org.testng.remote.RemoteTestNG.main(RemoteTestNG.java:77)
]]>
    </failure>
  </testcase> <!-- Editcourse -->
  <testcase name="checkValidUser" time="0.0" classname="com.test.VerifyValidUser">
    <skipped/>
  </testcase> <!-- checkValidUser -->
  <testcase name="createcourse" time="0.0" classname="com.test.VerifyValidUser">
    <skipped/>
  </testcase> <!-- createcourse -->
  <testcase name="mcq" time="0.0" classname="com.test.VerifyValidUser">
    <skipped/>
  </testcase> <!-- mcq -->
  <testcase name="publish" time="0.0" classname="com.test.VerifyValidUser">
    <skipped/>
  </testcase> <!-- publish -->
  <testcase name="sendinv" time="0.0" classname="com.test.VerifyValidUser">
    <skipped/>
  </testcase> <!-- sendinv -->
</testsuite> <!-- Default test -->
