<?xml version="1.0" encoding="UTF-8"?>
<!-- Generated by org.testng.reporters.JUnitXMLReporter -->
<testsuite hostname="maapaa" ignored="2" name="Test" tests="7" failures="7" timestamp="20 Feb 2019 13:50:58 GMT" time="0.183" errors="0">
  <testcase name="click_On_Button" time="0.0" classname="keywordDrvien.KeyWordExample">
    <failure type="org.testng.TestNGException" message="
Cannot inject @Test annotated Method [click_On_Button] with [class java.lang.String, class java.lang.String].
For more information on native dependency injection please refer to http://testng.org/doc/documentation-main.html#native-dependency-injection">
      <![CDATA[org.testng.TestNGException: 
Cannot inject @Test annotated Method [click_On_Button] with [class java.lang.String, class java.lang.String].
For more information on native dependency injection please refer to http://testng.org/doc/documentation-main.html#native-dependency-injection
... Removed 24 stack frames]]>
    </failure>
  </testcase> <!-- click_On_Button -->
  <testcase name="click_On_Link" time="0.0" classname="keywordDrvien.KeyWordExample">
    <failure type="org.testng.TestNGException" message="
Cannot inject @Test annotated Method [click_On_Link] with [class java.lang.String, class java.lang.String].
For more information on native dependency injection please refer to http://testng.org/doc/documentation-main.html#native-dependency-injection">
      <![CDATA[org.testng.TestNGException: 
Cannot inject @Test annotated Method [click_On_Link] with [class java.lang.String, class java.lang.String].
For more information on native dependency injection please refer to http://testng.org/doc/documentation-main.html#native-dependency-injection
... Removed 24 stack frames]]>
    </failure>
  </testcase> <!-- click_On_Link -->
  <testcase name="enter_Text" time="0.0" classname="keywordDrvien.KeyWordExample">
    <failure type="org.testng.TestNGException" message="
Cannot inject @Test annotated Method [enter_Text] with [class java.lang.String, class java.lang.String, class java.lang.String].
For more information on native dependency injection please refer to http://testng.org/doc/documentation-main.html#native-dependency-injection">
      <![CDATA[org.testng.TestNGException: 
Cannot inject @Test annotated Method [enter_Text] with [class java.lang.String, class java.lang.String, class java.lang.String].
For more information on native dependency injection please refer to http://testng.org/doc/documentation-main.html#native-dependency-injection
... Removed 24 stack frames]]>
    </failure>
  </testcase> <!-- enter_Text -->
  <testcase name="enter_Text_in_list" time="0.0" classname="keywordDrvien.KeyWordExample">
    <failure type="org.testng.TestNGException" message="
Cannot inject @Test annotated Method [enter_Text_in_list] with [class java.lang.String, class java.lang.String, class java.lang.String].
For more information on native dependency injection please refer to http://testng.org/doc/documentation-main.html#native-dependency-injection">
      <![CDATA[org.testng.TestNGException: 
Cannot inject @Test annotated Method [enter_Text_in_list] with [class java.lang.String, class java.lang.String, class java.lang.String].
For more information on native dependency injection please refer to http://testng.org/doc/documentation-main.html#native-dependency-injection
... Removed 24 stack frames]]>
    </failure>
  </testcase> <!-- enter_Text_in_list -->
  <testcase name="iframe" time="0.0" classname="keywordDrvien.KeyWordExample">
    <failure type="org.testng.TestNGException" message="
Cannot inject @Test annotated Method [iframe] with [class java.lang.String, class java.lang.String, class java.lang.String, class java.lang.String].
For more information on native dependency injection please refer to http://testng.org/doc/documentation-main.html#native-dependency-injection">
      <![CDATA[org.testng.TestNGException: 
Cannot inject @Test annotated Method [iframe] with [class java.lang.String, class java.lang.String, class java.lang.String, class java.lang.String].
For more information on native dependency injection please refer to http://testng.org/doc/documentation-main.html#native-dependency-injection
... Removed 24 stack frames]]>
    </failure>
  </testcase> <!-- iframe -->
  <testcase name="select" time="0.0" classname="keywordDrvien.KeyWordExample">
    <failure type="org.testng.TestNGException" message="
Cannot inject @Test annotated Method [select] with [class java.lang.String, class java.lang.String, class java.lang.String].
For more information on native dependency injection please refer to http://testng.org/doc/documentation-main.html#native-dependency-injection">
      <![CDATA[org.testng.TestNGException: 
Cannot inject @Test annotated Method [select] with [class java.lang.String, class java.lang.String, class java.lang.String].
For more information on native dependency injection please refer to http://testng.org/doc/documentation-main.html#native-dependency-injection
... Removed 24 stack frames]]>
    </failure>
  </testcase> <!-- select -->
  <testcase name="open_Browser" time="0.0" classname="keywordDrvien.KeyWordExample">
    <failure type="org.testng.TestNGException" message="
Cannot inject @Test annotated Method [open_Browser] with [class java.lang.String].
For more information on native dependency injection please refer to http://testng.org/doc/documentation-main.html#native-dependency-injection">
      <![CDATA[org.testng.TestNGException: 
Cannot inject @Test annotated Method [open_Browser] with [class java.lang.String].
For more information on native dependency injection please refer to http://testng.org/doc/documentation-main.html#native-dependency-injection
... Removed 24 stack frames]]>
    </failure>
  </testcase> <!-- open_Browser -->
  <testcase name="enter_URL" time="0.0" classname="keywordDrvien.KeyWordExample">
    <ignored/>
  </testcase> <!-- enter_URL -->
  <testcase name="close_Browser" time="0.0" classname="keywordDrvien.KeyWordExample">
    <ignored/>
  </testcase> <!-- close_Browser -->
</testsuite> <!-- Test -->
