<?xml version="1.0" encoding="UTF-8"?>
<!-- Generated by org.testng.reporters.JUnitXMLReporter -->
<testsuite hostname="maapaa" ignored="0" name="Test1" tests="1" failures="1" timestamp="18 Feb 2019 11:37:13 GMT" time="0.078" errors="0">
  <testcase name="checkValidUser" time="0.046" classname="com.pom.VerifyValidUser">
    <failure type="java.lang.NullPointerException">
      <![CDATA[java.lang.NullPointerException
at com.pom.LoginPageNew.enterURL(LoginPageNew.java:28)
at com.pom.VerifyValidUser.checkValidUser(VerifyValidUser.java:24)
... Removed 25 stack frames]]>
    </failure>
  </testcase> <!-- checkValidUser -->
</testsuite> <!-- Test1 -->
