<?xml version="1.0" encoding="UTF-8"?>
<!-- Generated by org.testng.reporters.JUnitXMLReporter -->
<testsuite hostname="maapaa" ignored="0" name="Test2" tests="1" failures="1" timestamp="18 Feb 2019 11:37:14 GMT" time="0.015" errors="0">
  <testcase name="VerifyValidCourse" time="0.015" classname="com.pom.VerifyValidCourse">
    <failure type="java.lang.NullPointerException">
      <![CDATA[java.lang.NullPointerException
at com.pom.createCourse.clickOnCourseButton(createCourse.java:38)
at com.pom.VerifyValidCourse.VerifyValidCourse(VerifyValidCourse.java:17)
... Removed 25 stack frames]]>
    </failure>
  </testcase> <!-- VerifyValidCourse -->
</testsuite> <!-- Test2 -->
