<?xml version="1.0" encoding="UTF-8"?>
<!-- Generated by org.testng.reporters.JUnitXMLReporter -->
<testsuite hostname="maapaa" ignored="2" name="Test(failed)" tests="4" failures="4" timestamp="20 Feb 2019 08:22:20 GMT" time="0.172" errors="0">
  <testcase name="mcq" time="0.016" classname="com.test.VerifyValidUser">
    <failure type="java.lang.NullPointerException">
      <![CDATA[java.lang.NullPointerException
at com.test.VerifyValidUser.mcq(VerifyValidUser.java:93)
... Removed 25 stack frames]]>
    </failure>
  </testcase> <!-- mcq -->
  <testcase name="sendinv" time="0.0" classname="com.test.VerifyValidUser">
    <failure type="java.lang.NullPointerException">
      <![CDATA[java.lang.NullPointerException
at com.test.VerifyValidUser.sendinv(VerifyValidUser.java:120)
... Removed 25 stack frames]]>
    </failure>
  </testcase> <!-- sendinv -->
  <testcase name="Editcourse" time="0.0" classname="com.test.VerifyValidUser">
    <failure type="java.lang.NullPointerException">
      <![CDATA[java.lang.NullPointerException
at com.test.VerifyValidUser.Editcourse(VerifyValidUser.java:81)
... Removed 25 stack frames]]>
    </failure>
  </testcase> <!-- Editcourse -->
  <testcase name="publish" time="0.0" classname="com.test.VerifyValidUser">
    <failure type="java.lang.NullPointerException">
      <![CDATA[java.lang.NullPointerException
at com.test.VerifyValidUser.publish(VerifyValidUser.java:111)
... Removed 25 stack frames]]>
    </failure>
  </testcase> <!-- publish -->
  <testcase name="checkValidUser" time="0.0" classname="com.test.VerifyValidUser">
    <ignored/>
  </testcase> <!-- checkValidUser -->
  <testcase name="createcourse" time="0.0" classname="com.test.VerifyValidUser">
    <ignored/>
  </testcase> <!-- createcourse -->
</testsuite> <!-- Test(failed) -->
